<?xml version="1.0" encoding="UTF-8"?>
<!-- Generated by org.testng.reporters.JUnitXMLReporter -->
<testsuite ignored="1" hostname="LAPTOP-S0ACTBHP" failures="0" tests="2" name="Default test" time="98.781" errors="0" timestamp="2021-11-22T11:37:30 IST">
  <testcase classname="com.testng.org.TestWithIgnore" name="earPhone" time="12.304"/>
  <testcase classname="com.testng.org.TestWithIgnore" name="watch" time="18.025"/>
  <testcase classname="com.testng.org.TestWithIgnore" name="mobileSearch" time="0.0">
    <ignored/>
  </testcase> <!-- mobileSearch -->
</testsuite> <!-- Default test -->
