<?xml version="1.0" encoding="UTF-8"?>
<testng-results ignored="0" total="2" passed="2" failed="0" skipped="0">
  <reporter-output>
  </reporter-output>
  <suite started-at="2021-11-26T13:25:58 IST" name="Default suite" finished-at="2021-11-26T13:26:48 IST" duration-ms="49160">
    <groups>
    </groups>
    <test started-at="2021-11-26T13:25:58 IST" name="Default test" finished-at="2021-11-26T13:26:48 IST" duration-ms="49160">
      <class name="com.testng.org.Amazon_TestNG">
        <test-method is-config="true" signature="setUp()[pri:0, instance:com.testng.org.Amazon_TestNG@33990a0c]" started-at="2021-11-26T13:25:58 IST" name="setUp" finished-at="2021-11-26T13:25:58 IST" duration-ms="17" status="PASS">
          <reporter-output>
          </reporter-output>
        </test-method> <!-- setUp -->
        <test-method is-config="true" signature="browserLaunch()[pri:0, instance:com.testng.org.Amazon_TestNG@33990a0c]" started-at="2021-11-26T13:25:58 IST" name="browserLaunch" finished-at="2021-11-26T13:26:07 IST" duration-ms="8567" status="PASS">
          <reporter-output>
          </reporter-output>
        </test-method> <!-- browserLaunch -->
        <test-method is-config="true" signature="logIn()[pri:0, instance:com.testng.org.Amazon_TestNG@33990a0c]" started-at="2021-11-26T13:26:07 IST" name="logIn" finished-at="2021-11-26T13:26:20 IST" duration-ms="12825" status="PASS">
          <reporter-output>
          </reporter-output>
        </test-method> <!-- logIn -->
        <test-method is-config="true" signature="refresh()[pri:0, instance:com.testng.org.Amazon_TestNG@33990a0c]" started-at="2021-11-26T13:26:20 IST" name="refresh" finished-at="2021-11-26T13:26:25 IST" duration-ms="5087" status="PASS">
          <reporter-output>
          </reporter-output>
        </test-method> <!-- refresh -->
        <test-method signature="earPhone()[pri:0, instance:com.testng.org.Amazon_TestNG@33990a0c]" started-at="2021-11-26T13:26:25 IST" name="earPhone" finished-at="2021-11-26T13:26:32 IST" duration-ms="6796" status="PASS">
          <reporter-output>
          </reporter-output>
        </test-method> <!-- earPhone -->
        <test-method is-config="true" signature="mainPage()[pri:0, instance:com.testng.org.Amazon_TestNG@33990a0c]" started-at="2021-11-26T13:26:32 IST" name="mainPage" finished-at="2021-11-26T13:26:35 IST" duration-ms="2784" status="PASS">
          <reporter-output>
          </reporter-output>
        </test-method> <!-- mainPage -->
        <test-method is-config="true" signature="refresh()[pri:0, instance:com.testng.org.Amazon_TestNG@33990a0c]" started-at="2021-11-26T13:26:35 IST" name="refresh" finished-at="2021-11-26T13:26:35 IST" duration-ms="178" status="PASS">
          <reporter-output>
          </reporter-output>
        </test-method> <!-- refresh -->
        <test-method signature="mobileSearch()[pri:0, instance:com.testng.org.Amazon_TestNG@33990a0c]" started-at="2021-11-26T13:26:35 IST" name="mobileSearch" finished-at="2021-11-26T13:26:42 IST" duration-ms="6836" status="PASS">
          <reporter-output>
          </reporter-output>
        </test-method> <!-- mobileSearch -->
        <test-method is-config="true" signature="mainPage()[pri:0, instance:com.testng.org.Amazon_TestNG@33990a0c]" started-at="2021-11-26T13:26:42 IST" name="mainPage" finished-at="2021-11-26T13:26:45 IST" duration-ms="3296" status="PASS">
          <reporter-output>
          </reporter-output>
        </test-method> <!-- mainPage -->
        <test-method is-config="true" signature="logOut()[pri:0, instance:com.testng.org.Amazon_TestNG@33990a0c]" started-at="2021-11-26T13:26:45 IST" name="logOut" finished-at="2021-11-26T13:26:47 IST" duration-ms="2596" status="PASS">
          <reporter-output>
          </reporter-output>
        </test-method> <!-- logOut -->
        <test-method is-config="true" signature="cookies()[pri:0, instance:com.testng.org.Amazon_TestNG@33990a0c]" started-at="2021-11-26T13:26:47 IST" name="cookies" finished-at="2021-11-26T13:26:48 IST" duration-ms="108" status="PASS">
          <reporter-output>
          </reporter-output>
        </test-method> <!-- cookies -->
        <test-method is-config="true" signature="closeBrowser()[pri:0, instance:com.testng.org.Amazon_TestNG@33990a0c]" started-at="2021-11-26T13:26:48 IST" name="closeBrowser" finished-at="2021-11-26T13:26:48 IST" duration-ms="596" status="PASS">
          <reporter-output>
          </reporter-output>
        </test-method> <!-- closeBrowser -->
      </class> <!-- com.testng.org.Amazon_TestNG -->
    </test> <!-- Default test -->
  </suite> <!-- Default suite -->
</testng-results>
